2022-05-11 12:14:49,057 INFO  [org.jboss.modules] (main) JBoss Modules version 2.0.0.Final
2022-05-11 12:14:54,050 INFO  [org.jboss.msc] (main) JBoss MSC version 1.4.13.Final
2022-05-11 12:14:54,075 INFO  [org.jboss.threads] (main) JBoss Threads version 2.4.0.Final
2022-05-11 12:14:54,314 INFO  [org.jboss.as] (MSC service thread 1-2) WFLYSRV0049: Keycloak 16.1.0 (WildFly Core 18.0.0.Final) starting
2022-05-11 12:14:54,318 DEBUG [org.jboss.as.config] (MSC service thread 1-2) Configured system properties:
	awt.toolkit = sun.awt.windows.WToolkit
	file.encoding = Cp1252
	file.separator = \
	java.awt.graphicsenv = sun.awt.Win32GraphicsEnvironment
	java.awt.headless = true
	java.awt.printerjob = sun.awt.windows.WPrinterJob
	java.class.path = C:\workspaceEcommerce\keycloak-ecommerce\jboss-modules.jar
	java.class.version = 55.0
	java.home = C:\Program Files\Java\jdk-11.0.14
	java.io.tmpdir = C:\Users\ELTI~1.LOP\AppData\Local\Temp\
	java.library.path = C:\Program Files\Java\jdk-11.0.14\bin;C:\WINDOWS\Sun\Java\bin;C:\WINDOWS\system32;C:\WINDOWS;C:\WINDOWS\system32;C:\WINDOWS;C:\WINDOWS\System32\Wbem;C:\WINDOWS\System32\WindowsPowerShell\v1.0\;C:\WINDOWS\System32\OpenSSH\;C:\Program Files\Git\cmd;C:\workspaceReactSpring\apache-maven-3.8.4\bin;C:\ProgramData\chocolatey\bin;C:\Users\Elton Lopes\AppData\Roaming\nvm;C:\Program Files\nodejs;C:\Users\Elton Lopes\AppData\Local\Programs\Microsoft VS Code\bin;C:\Users\Elton Lopes\AppData\Local\Android\Sdk\platform-tools;C:\Program Files\Java\jdk-11.0.14\bin;C:\gradle\gradle-7.3.2\bin;C:\Users\elti.lopes\AppData\Local\Android\Sdk\tools;C:\Users\elti.lopes\AppData\Local\Android\Sdk\tools\bin;C:\Users\elti.lopes\AppData\Local\Android\Sdk\platform-tools;C:\Users\elti.lopes\AppData\Local\Android\Sdk\emulator;%ANDROID_SDK_ROOT%\tools;%ANDROID_SDK_ROOT%\tools\bin;%ANDROID_SDK_ROOT%\platform-tools;C:\Users\elti.lopes\AppData\Local\Android\Sdk\emulator;C:\Program Files\Docker\Docker\resources\bin;C:\ProgramData\DockerDesktop\version-bin;C:\Program Files\erl-24.3.3\bin;C:\Program Files\dotnet\;C:\Program Files\Amazon\AWSCLIV2\;C:\Users\elti.lopes\AppData\Local\Microsoft\WindowsApps;C:\Program Files\JetBrains\IntelliJ IDEA 2021.3\bin;;C:\Users\elti.lopes\AppData\Local\Programs\Microsoft VS Code\bin;C:\Users\Elton Lopes\AppData\Roaming\nvm;C:\Program Files\nodejs;.
	java.net.preferIPv4Stack = true
	java.runtime.name = Java(TM) SE Runtime Environment
	java.runtime.version = 11.0.14+8-LTS-263
	java.specification.name = Java Platform API Specification
	java.specification.vendor = Oracle Corporation
	java.specification.version = 11
	java.util.logging.manager = org.jboss.logmanager.LogManager
	java.vendor = Oracle Corporation
	java.vendor.url = https://openjdk.java.net/
	java.vendor.url.bug = https://bugreport.java.com/bugreport/
	java.vendor.version = 18.9
	java.version = 11.0.14
	java.version.date = 2022-01-18
	java.vm.compressedOopsMode = 32-bit
	java.vm.info = mixed mode
	java.vm.name = Java HotSpot(TM) 64-Bit Server VM
	java.vm.specification.name = Java Virtual Machine Specification
	java.vm.specification.vendor = Oracle Corporation
	java.vm.specification.version = 11
	java.vm.vendor = Oracle Corporation
	java.vm.version = 11.0.14+8-LTS-263
	javax.management.builder.initial = org.jboss.as.jmx.PluggableMBeanServerBuilder
	jboss.home.dir = C:\workspaceEcommerce\keycloak-ecommerce
	jboss.host.name = nbqfc-jhs9qj3
	jboss.modules.dir = C:\workspaceEcommerce\keycloak-ecommerce\modules
	jboss.modules.system.pkgs = org.jboss.byteman
	jboss.node.name = nbqfc-jhs9qj3
	jboss.qualified.host.name = nbqfc-jhs9qj3
	jboss.server.base.dir = C:\workspaceEcommerce\keycloak-ecommerce\standalone
	jboss.server.config.dir = C:\workspaceEcommerce\keycloak-ecommerce\standalone\configuration
	jboss.server.data.dir = C:\workspaceEcommerce\keycloak-ecommerce\standalone\data
	jboss.server.deploy.dir = C:\workspaceEcommerce\keycloak-ecommerce\standalone\data\content
	jboss.server.log.dir = C:\workspaceEcommerce\keycloak-ecommerce\standalone\log
	jboss.server.name = nbqfc-jhs9qj3
	jboss.server.persist.config = true
	jboss.server.temp.dir = C:\workspaceEcommerce\keycloak-ecommerce\standalone\tmp
	jdk.debug = release
	line.separator = 

	logging.configuration = file:C:\workspaceEcommerce\keycloak-ecommerce\standalone\configuration/logging.properties
	module.path = C:\workspaceEcommerce\keycloak-ecommerce\modules
	org.jboss.boot.log.file = C:\workspaceEcommerce\keycloak-ecommerce\standalone\log\server.log
	org.jboss.resolver.warning = true
	os.arch = amd64
	os.name = Windows 10
	os.version = 10.0
	path.separator = ;
	program.name = standalone.bat
	sun.arch.data.model = 64
	sun.boot.library.path = C:\Program Files\Java\jdk-11.0.14\bin
	sun.cpu.endian = little
	sun.cpu.isalist = amd64
	sun.desktop = windows
	sun.io.unicode.encoding = UnicodeLittle
	sun.java.command = C:\workspaceEcommerce\keycloak-ecommerce\jboss-modules.jar -mp C:\workspaceEcommerce\keycloak-ecommerce\modules org.jboss.as.standalone -Djboss.home.dir=C:\workspaceEcommerce\keycloak-ecommerce
	sun.java.launcher = SUN_STANDARD
	sun.jnu.encoding = Cp1252
	sun.management.compiler = HotSpot 64-Bit Tiered Compilers
	sun.os.patch.level = 
	sun.stderr.encoding = cp850
	sun.stdout.encoding = cp850
	user.country = BR
	user.dir = C:\workspaceEcommerce\keycloak-ecommerce\bin
	user.home = C:\Users\elti.lopes
	user.language = pt
	user.name = elti.lopes
	user.script = 
	user.timezone = America/Sao_Paulo
	user.variant = 
2022-05-11 12:14:54,322 DEBUG [org.jboss.as.config] (MSC service thread 1-2) VM Arguments: -Dprogram.name=standalone.bat -Xms64M -Xmx512M -XX:MetaspaceSize=96M -XX:MaxMetaspaceSize=256m -Djava.net.preferIPv4Stack=true -Djboss.modules.system.pkgs=org.jboss.byteman -Djava.awt.headless=true --add-exports=java.desktop/sun.awt=ALL-UNNAMED --add-exports=java.naming/com.sun.jndi.ldap=ALL-UNNAMED --add-opens=java.base/java.lang=ALL-UNNAMED --add-opens=java.base/java.lang.invoke=ALL-UNNAMED --add-opens=java.base/java.io=ALL-UNNAMED --add-opens=java.base/java.lang.reflect=ALL-UNNAMED --add-opens=java.base/java.security=ALL-UNNAMED --add-opens=java.base/java.util=ALL-UNNAMED --add-opens=java.base/java.util.concurrent=ALL-UNNAMED --add-opens=java.management/javax.management=ALL-UNNAMED --add-opens=java.naming/javax.naming=ALL-UNNAMED -Dorg.jboss.boot.log.file=C:\workspaceEcommerce\keycloak-ecommerce\standalone\log\server.log -Dlogging.configuration=file:C:\workspaceEcommerce\keycloak-ecommerce\standalone\configuration/logging.properties 
2022-05-11 12:14:59,711 INFO  [org.wildfly.security] (ServerService Thread Pool -- 19) ELY00001: WildFly Elytron version 1.18.1.Final
2022-05-11 12:15:10,966 INFO  [org.jboss.as.server] (Controller Boot Thread) WFLYSRV0039: Creating http management service using socket-binding (management-http)
2022-05-11 12:15:11,066 INFO  [org.xnio] (MSC service thread 1-3) XNIO version 3.8.5.Final
2022-05-11 12:15:11,089 INFO  [org.xnio.nio] (MSC service thread 1-3) XNIO NIO Implementation Version 3.8.5.Final
2022-05-11 12:15:11,313 INFO  [org.jboss.as.clustering.infinispan] (ServerService Thread Pool -- 36) WFLYCLINF0001: Activating Infinispan subsystem.
2022-05-11 12:15:11,324 INFO  [org.jboss.as.jaxrs] (ServerService Thread Pool -- 38) WFLYRS0016: RESTEasy version 4.7.4.Final
2022-05-11 12:15:11,339 WARN  [org.jboss.as.txn] (ServerService Thread Pool -- 49) WFLYTX0013: The node-identifier attribute on the /subsystem=transactions is set to the default value. This is a danger for environments running multiple servers. Please make sure the attribute value is unique.
2022-05-11 12:15:11,361 INFO  [org.wildfly.extension.health] (ServerService Thread Pool -- 35) WFLYHEALTH0001: Activating Base Health Subsystem
2022-05-11 12:15:11,372 INFO  [org.jboss.as.connector] (MSC service thread 1-2) WFLYJCA0009: Starting Jakarta Connectors Subsystem (WildFly/IronJacamar 1.5.3.Final)
2022-05-11 12:15:11,397 INFO  [org.wildfly.extension.metrics] (ServerService Thread Pool -- 44) WFLYMETRICS0001: Activating Base Metrics Subsystem
2022-05-11 12:15:11,397 INFO  [org.jboss.as.naming] (ServerService Thread Pool -- 45) WFLYNAM0001: Activating Naming Subsystem
2022-05-11 12:15:11,630 INFO  [org.jboss.as.naming] (MSC service thread 1-8) WFLYNAM0003: Starting Naming Service
2022-05-11 12:15:11,631 INFO  [org.jboss.as.mail.extension] (MSC service thread 1-7) WFLYMAIL0001: Bound mail session [java:jboss/mail/Default]
2022-05-11 12:15:11,931 INFO  [org.wildfly.extension.undertow] (MSC service thread 1-2) WFLYUT0003: Undertow 2.2.14.Final starting
2022-05-11 12:15:12,138 ERROR [stderr] (ServerService Thread Pool -- 30) Loading class `com.mysql.jdbc.Driver'. This is deprecated. The new driver class is `com.mysql.cj.jdbc.Driver'. The driver is automatically registered via the SPI and manual loading of the driver class is generally unnecessary.
2022-05-11 12:15:12,211 INFO  [org.jboss.as.connector.subsystems.datasources] (ServerService Thread Pool -- 30) WFLYJCA0005: Deploying non-JDBC-compliant driver class com.mysql.jdbc.Driver (version 8.0)
2022-05-11 12:15:12,218 WARN  [org.wildfly.extension.elytron] (MSC service thread 1-5) WFLYELY00023: KeyStore file 'C:\workspaceEcommerce\keycloak-ecommerce\standalone\configuration\application.keystore' does not exist. Used blank.
2022-05-11 12:15:12,227 WARN  [org.wildfly.clustering.web.undertow] (ServerService Thread Pool -- 50) WFLYCLWEBUT0007: No routing provider found for default-server; using legacy provider based on static configuration
2022-05-11 12:15:12,458 INFO  [org.jboss.as.connector.deployers.jdbc] (MSC service thread 1-2) WFLYJCA0018: Started Driver service with driver-name = mysql
2022-05-11 12:15:12,479 INFO  [org.jboss.as.connector.subsystems.datasources] (ServerService Thread Pool -- 30) WFLYJCA0004: Deploying JDBC-compliant driver class org.h2.Driver (version 1.4)
2022-05-11 12:15:12,643 INFO  [org.wildfly.extension.undertow] (ServerService Thread Pool -- 50) WFLYUT0014: Creating file handler for path 'C:\workspaceEcommerce\keycloak-ecommerce/welcome-content' with options [directory-listing: 'false', follow-symlink: 'false', case-sensitive: 'true', safe-symlink-paths: '[]']
2022-05-11 12:15:12,683 WARN  [org.wildfly.extension.elytron] (MSC service thread 1-5) WFLYELY01084: KeyStore C:\workspaceEcommerce\keycloak-ecommerce\standalone\configuration\application.keystore not found, it will be auto generated on first use with a self-signed certificate for host localhost
2022-05-11 12:15:12,957 INFO  [org.jboss.as.connector.deployers.jdbc] (MSC service thread 1-7) WFLYJCA0018: Started Driver service with driver-name = h2
2022-05-11 12:15:14,321 INFO  [org.wildfly.extension.io] (ServerService Thread Pool -- 37) WFLYIO001: Worker 'default' has auto-configured to 16 IO threads with 128 max task threads based on your 8 available processors
2022-05-11 12:15:14,355 INFO  [org.jboss.remoting] (MSC service thread 1-7) JBoss Remoting version 5.0.23.Final
2022-05-11 12:15:14,354 INFO  [org.jboss.as.ejb3] (MSC service thread 1-5) WFLYEJB0482: Strict pool mdb-strict-max-pool is using a max instance size of 32 (per class), which is derived from the number of CPUs on this host.
2022-05-11 12:15:14,354 INFO  [org.jboss.as.ejb3] (MSC service thread 1-2) WFLYEJB0481: Strict pool slsb-strict-max-pool is using a max instance size of 128 (per class), which is derived from thread worker pool sizing.
2022-05-11 12:15:14,472 INFO  [org.wildfly.extension.undertow] (MSC service thread 1-1) WFLYUT0012: Started server default-server.
2022-05-11 12:15:14,490 INFO  [org.wildfly.extension.undertow] (MSC service thread 1-2) Queuing requests.
2022-05-11 12:15:14,527 INFO  [org.wildfly.extension.undertow] (MSC service thread 1-7) WFLYUT0006: Undertow HTTP listener default listening on 127.0.0.1:8080
2022-05-11 12:15:14,588 INFO  [org.wildfly.extension.undertow] (MSC service thread 1-2) WFLYUT0018: Host default-host starting
2022-05-11 12:15:14,707 INFO  [org.wildfly.extension.undertow] (MSC service thread 1-1) WFLYUT0006: Undertow HTTPS listener https listening on 127.0.0.1:8443
2022-05-11 12:15:14,721 INFO  [org.jboss.as.ejb3] (MSC service thread 1-3) WFLYEJB0493: Jakarta Enterprise Beans subsystem suspension complete
2022-05-11 12:15:14,905 INFO  [org.jboss.as.connector.subsystems.datasources] (MSC service thread 1-7) WFLYJCA0001: Bound data source [java:/jboss/datasources/KeycloakDS]
2022-05-11 12:15:14,905 INFO  [org.jboss.as.connector.subsystems.datasources] (MSC service thread 1-2) WFLYJCA0001: Bound data source [java:jboss/datasources/ExampleDS]
2022-05-11 12:15:20,335 INFO  [org.jboss.as.patching] (MSC service thread 1-7) WFLYPAT0050: Keycloak cumulative patch ID is: base, one-off patches include: none
2022-05-11 12:15:20,338 INFO  [org.jboss.as.server.deployment.scanner] (MSC service thread 1-5) WFLYDS0013: Started FileSystemDeploymentService for directory C:\workspaceEcommerce\keycloak-ecommerce\standalone\deployments
2022-05-11 12:15:20,375 INFO  [org.jboss.as.server.deployment] (MSC service thread 1-3) WFLYSRV0027: Starting deployment of "keycloak-server.war" (runtime-name: "keycloak-server.war")
2022-05-11 12:15:22,706 INFO  [org.infinispan.CONTAINER] (ServerService Thread Pool -- 54) ISPN000128: Infinispan version: Infinispan 'Taedonggang' 12.1.7.Final
2022-05-11 12:15:22,839 INFO  [org.infinispan.CONFIG] (MSC service thread 1-6) ISPN000152: Passivation configured without an eviction policy being selected. Only manually evicted entities will be passivated.
2022-05-11 12:15:22,844 INFO  [org.infinispan.CONFIG] (MSC service thread 1-6) ISPN000152: Passivation configured without an eviction policy being selected. Only manually evicted entities will be passivated.
2022-05-11 12:15:22,901 INFO  [org.infinispan.CONTAINER] (ServerService Thread Pool -- 53) ISPN000556: Starting user marshaller 'org.wildfly.clustering.infinispan.marshalling.jboss.JBossMarshaller'
2022-05-11 12:15:22,901 INFO  [org.infinispan.CONTAINER] (ServerService Thread Pool -- 54) ISPN000556: Starting user marshaller 'org.wildfly.clustering.infinispan.spi.marshalling.InfinispanProtoStreamMarshaller'
2022-05-11 12:15:23,476 INFO  [org.jboss.as.clustering.infinispan] (ServerService Thread Pool -- 54) WFLYCLINF0002: Started http-remoting-connector cache from ejb container
2022-05-11 12:15:23,530 INFO  [org.jboss.as.clustering.infinispan] (ServerService Thread Pool -- 65) WFLYCLINF0002: Started work cache from keycloak container
2022-05-11 12:15:23,541 INFO  [org.jboss.as.clustering.infinispan] (ServerService Thread Pool -- 60) WFLYCLINF0002: Started offlineClientSessions cache from keycloak container
2022-05-11 12:15:23,541 INFO  [org.jboss.as.clustering.infinispan] (ServerService Thread Pool -- 59) WFLYCLINF0002: Started sessions cache from keycloak container
2022-05-11 12:15:23,542 INFO  [org.jboss.as.clustering.infinispan] (ServerService Thread Pool -- 63) WFLYCLINF0002: Started actionTokens cache from keycloak container
2022-05-11 12:15:23,543 INFO  [org.jboss.as.clustering.infinispan] (ServerService Thread Pool -- 62) WFLYCLINF0002: Started offlineSessions cache from keycloak container
2022-05-11 12:15:23,559 INFO  [org.jboss.as.clustering.infinispan] (ServerService Thread Pool -- 54) WFLYCLINF0002: Started loginFailures cache from keycloak container
2022-05-11 12:15:23,562 INFO  [org.jboss.as.clustering.infinispan] (ServerService Thread Pool -- 56) WFLYCLINF0002: Started authenticationSessions cache from keycloak container
2022-05-11 12:15:23,573 INFO  [org.jboss.as.clustering.infinispan] (ServerService Thread Pool -- 58) WFLYCLINF0002: Started clientSessions cache from keycloak container
2022-05-11 12:15:23,778 INFO  [org.jboss.as.clustering.infinispan] (ServerService Thread Pool -- 61) WFLYCLINF0002: Started users cache from keycloak container
2022-05-11 12:15:23,790 INFO  [org.jboss.as.clustering.infinispan] (ServerService Thread Pool -- 57) WFLYCLINF0002: Started authorization cache from keycloak container
2022-05-11 12:15:23,806 INFO  [org.jboss.as.clustering.infinispan] (ServerService Thread Pool -- 55) WFLYCLINF0002: Started keys cache from keycloak container
2022-05-11 12:15:23,808 INFO  [org.jboss.as.clustering.infinispan] (ServerService Thread Pool -- 64) WFLYCLINF0002: Started realms cache from keycloak container
2022-05-11 12:15:27,855 WARN  [org.jboss.as.server.deployment] (MSC service thread 1-6) WFLYSRV0273: Excluded subsystem webservices via jboss-deployment-structure.xml does not exist.
2022-05-11 12:15:28,610 INFO  [org.keycloak.services] (ServerService Thread Pool -- 57) KC-SERVICES0001: Loading config from standalone.xml or domain.xml
2022-05-11 12:15:30,111 INFO  [org.keycloak.url.DefaultHostnameProviderFactory] (ServerService Thread Pool -- 57) Frontend: <request>, Admin: <frontend>, Backend: <request>
2022-05-11 12:15:32,419 INFO  [org.jboss.as.clustering.infinispan] (ServerService Thread Pool -- 57) WFLYCLINF0002: Started realmRevisions cache from keycloak container
2022-05-11 12:15:32,438 INFO  [org.jboss.as.clustering.infinispan] (ServerService Thread Pool -- 57) WFLYCLINF0002: Started userRevisions cache from keycloak container
2022-05-11 12:15:32,460 INFO  [org.jboss.as.clustering.infinispan] (ServerService Thread Pool -- 57) WFLYCLINF0002: Started authorizationRevisions cache from keycloak container
2022-05-11 12:15:32,464 INFO  [org.keycloak.connections.infinispan.DefaultInfinispanConnectionProviderFactory] (ServerService Thread Pool -- 57) Node name: nbqfc-jhs9qj3, Site name: null
2022-05-11 12:15:35,814 INFO  [org.keycloak.connections.jpa.DefaultJpaConnectionProviderFactory] (ServerService Thread Pool -- 57) Database info: {databaseUrl=jdbc:mysql://localhost:3306/keyclock?useSSL=false, databaseUser=root@localhost, databaseProduct=MySQL 8.0.27, databaseDriver=MySQL Connector/J mysql-connector-java-8.0.28 (Revision: 7ff2161da3899f379fb3171b6538b191b1c5c7e2)}
2022-05-11 12:15:39,474 INFO  [org.hibernate.jpa.internal.util.LogHelper] (ServerService Thread Pool -- 57) HHH000204: Processing PersistenceUnitInfo [
	name: keycloak-default
	...]
2022-05-11 12:15:39,687 INFO  [org.hibernate.Version] (ServerService Thread Pool -- 57) HHH000412: Hibernate Core {5.3.24.Final}
2022-05-11 12:15:39,690 INFO  [org.hibernate.cfg.Environment] (ServerService Thread Pool -- 57) HHH000206: hibernate.properties not found
2022-05-11 12:15:40,292 INFO  [org.hibernate.annotations.common.Version] (ServerService Thread Pool -- 57) HCANN000001: Hibernate Commons Annotations {5.0.5.Final}
2022-05-11 12:15:40,733 INFO  [org.hibernate.dialect.Dialect] (ServerService Thread Pool -- 57) HHH000400: Using dialect: org.hibernate.dialect.MySQL8Dialect
2022-05-11 12:15:40,886 INFO  [org.hibernate.envers.boot.internal.EnversServiceImpl] (ServerService Thread Pool -- 57) Envers integration enabled? : true
2022-05-11 12:15:42,159 INFO  [org.hibernate.orm.beans] (ServerService Thread Pool -- 57) HHH10005002: No explicit CDI BeanManager reference was passed to Hibernate, but CDI is available on the Hibernate ClassLoader.
2022-05-11 12:15:43,157 INFO  [org.hibernate.validator.internal.util.Version] (ServerService Thread Pool -- 57) HV000001: Hibernate Validator 6.0.22.Final
2022-05-11 12:15:45,060 INFO  [org.hibernate.hql.internal.QueryTranslatorFactoryInitiator] (ServerService Thread Pool -- 57) HHH000397: Using ASTQueryTranslatorFactory
2022-05-11 12:15:47,832 INFO  [org.jboss.resteasy.resteasy_jaxrs.i18n] (ServerService Thread Pool -- 57) RESTEASY002225: Deploying javax.ws.rs.core.Application: class org.keycloak.services.resources.KeycloakApplication
2022-05-11 12:15:47,838 INFO  [org.jboss.resteasy.resteasy_jaxrs.i18n] (ServerService Thread Pool -- 57) RESTEASY002200: Adding class resource org.keycloak.services.resources.ThemeResource from Application class org.keycloak.services.resources.KeycloakApplication
2022-05-11 12:15:47,841 INFO  [org.jboss.resteasy.resteasy_jaxrs.i18n] (ServerService Thread Pool -- 57) RESTEASY002205: Adding provider class org.keycloak.services.filters.KeycloakSecurityHeadersFilter from Application class org.keycloak.services.resources.KeycloakApplication
2022-05-11 12:15:47,841 INFO  [org.jboss.resteasy.resteasy_jaxrs.i18n] (ServerService Thread Pool -- 57) RESTEASY002205: Adding provider class org.keycloak.services.error.KeycloakErrorHandler from Application class org.keycloak.services.resources.KeycloakApplication
2022-05-11 12:15:47,842 INFO  [org.jboss.resteasy.resteasy_jaxrs.i18n] (ServerService Thread Pool -- 57) RESTEASY002200: Adding class resource org.keycloak.services.resources.JsResource from Application class org.keycloak.services.resources.KeycloakApplication
2022-05-11 12:15:47,843 INFO  [org.jboss.resteasy.resteasy_jaxrs.i18n] (ServerService Thread Pool -- 57) RESTEASY002220: Adding singleton resource org.keycloak.services.resources.RobotsResource from Application class org.keycloak.services.resources.KeycloakApplication
2022-05-11 12:15:47,843 INFO  [org.jboss.resteasy.resteasy_jaxrs.i18n] (ServerService Thread Pool -- 57) RESTEASY002210: Adding provider singleton org.keycloak.services.util.ObjectMapperResolver from Application class org.keycloak.services.resources.KeycloakApplication
2022-05-11 12:15:47,844 INFO  [org.jboss.resteasy.resteasy_jaxrs.i18n] (ServerService Thread Pool -- 57) RESTEASY002220: Adding singleton resource org.keycloak.services.resources.WelcomeResource from Application class org.keycloak.services.resources.KeycloakApplication
2022-05-11 12:15:47,845 INFO  [org.jboss.resteasy.resteasy_jaxrs.i18n] (ServerService Thread Pool -- 57) RESTEASY002220: Adding singleton resource org.keycloak.services.resources.admin.AdminRoot from Application class org.keycloak.services.resources.KeycloakApplication
2022-05-11 12:15:47,846 INFO  [org.jboss.resteasy.resteasy_jaxrs.i18n] (ServerService Thread Pool -- 57) RESTEASY002220: Adding singleton resource org.keycloak.services.resources.RealmsResource from Application class org.keycloak.services.resources.KeycloakApplication
2022-05-11 12:15:48,128 INFO  [org.wildfly.extension.undertow] (ServerService Thread Pool -- 57) WFLYUT0021: Registered web context: '/auth' for server 'default-server'
2022-05-11 12:15:48,281 INFO  [org.jboss.as.server] (ServerService Thread Pool -- 42) WFLYSRV0010: Deployed "keycloak-server.war" (runtime-name : "keycloak-server.war")
2022-05-11 12:15:48,388 INFO  [org.jboss.as.server] (Controller Boot Thread) WFLYSRV0212: Resuming server
2022-05-11 12:15:48,391 INFO  [org.jboss.as] (Controller Boot Thread) WFLYSRV0025: Keycloak 16.1.0 (WildFly Core 18.0.0.Final) started in 61532ms - Started 574 of 852 services (576 services are lazy, passive or on-demand)
2022-05-11 12:15:48,395 INFO  [org.jboss.as] (Controller Boot Thread) WFLYSRV0060: Http management interface listening on http://127.0.0.1:9990/management
2022-05-11 12:15:48,396 INFO  [org.jboss.as] (Controller Boot Thread) WFLYSRV0051: Admin console listening on http://127.0.0.1:9990
2022-05-11 12:16:02,186 WARN  [org.keycloak.connections.httpclient.DefaultHttpClientFactory] (default task-2) TruststoreProvider is disabled
2022-05-11 12:21:23,488 ERROR [org.keycloak.broker.oidc.AbstractOAuth2IdentityProvider] (default task-3) Failed to make identity provider oauth callback: java.net.SocketException: Connection reset
	at java.base/java.net.SocketInputStream.read(SocketInputStream.java:186)
	at java.base/java.net.SocketInputStream.read(SocketInputStream.java:140)
	at java.base/sun.security.ssl.SSLSocketInputRecord.read(SSLSocketInputRecord.java:478)
	at java.base/sun.security.ssl.SSLSocketInputRecord.readHeader(SSLSocketInputRecord.java:472)
	at java.base/sun.security.ssl.SSLSocketInputRecord.bytesInCompletePacket(SSLSocketInputRecord.java:70)
	at java.base/sun.security.ssl.SSLSocketImpl.readApplicationRecord(SSLSocketImpl.java:1328)
	at java.base/sun.security.ssl.SSLSocketImpl$AppInputStream.read(SSLSocketImpl.java:971)
	at org.apache.httpcomponents.core//org.apache.http.impl.io.SessionInputBufferImpl.streamRead(SessionInputBufferImpl.java:137)
	at org.apache.httpcomponents.core//org.apache.http.impl.io.SessionInputBufferImpl.fillBuffer(SessionInputBufferImpl.java:153)
	at org.apache.httpcomponents.core//org.apache.http.impl.io.SessionInputBufferImpl.readLine(SessionInputBufferImpl.java:280)
	at org.apache.httpcomponents.core//org.apache.http.impl.conn.DefaultHttpResponseParser.parseHead(DefaultHttpResponseParser.java:138)
	at org.apache.httpcomponents.core//org.apache.http.impl.conn.DefaultHttpResponseParser.parseHead(DefaultHttpResponseParser.java:56)
	at org.apache.httpcomponents.core//org.apache.http.impl.io.AbstractMessageParser.parse(AbstractMessageParser.java:259)
	at org.apache.httpcomponents.core//org.apache.http.impl.DefaultBHttpClientConnection.receiveResponseHeader(DefaultBHttpClientConnection.java:163)
	at org.apache.httpcomponents.core//org.apache.http.impl.conn.CPoolProxy.receiveResponseHeader(CPoolProxy.java:157)
	at org.apache.httpcomponents.core//org.apache.http.protocol.HttpRequestExecutor.doReceiveResponse(HttpRequestExecutor.java:273)
	at org.apache.httpcomponents.core//org.apache.http.protocol.HttpRequestExecutor.execute(HttpRequestExecutor.java:125)
	at org.apache.httpcomponents.core//org.apache.http.impl.execchain.MainClientExec.execute(MainClientExec.java:272)
	at org.apache.httpcomponents.core//org.apache.http.impl.execchain.ProtocolExec.execute(ProtocolExec.java:186)
	at org.apache.httpcomponents.core//org.apache.http.impl.execchain.RetryExec.execute(RetryExec.java:89)
	at org.apache.httpcomponents.core//org.apache.http.impl.execchain.RedirectExec.execute(RedirectExec.java:110)
	at org.apache.httpcomponents.core//org.apache.http.impl.client.InternalHttpClient.doExecute(InternalHttpClient.java:185)
	at org.apache.httpcomponents.core//org.apache.http.impl.client.CloseableHttpClient.execute(CloseableHttpClient.java:83)
	at org.apache.httpcomponents.core//org.apache.http.impl.client.CloseableHttpClient.execute(CloseableHttpClient.java:108)
	at org.apache.httpcomponents.core//org.apache.http.impl.client.CloseableHttpClient.execute(CloseableHttpClient.java:56)
	at org.keycloak.keycloak-server-spi-private@16.1.0//org.keycloak.broker.provider.util.SimpleHttp.makeRequest(SimpleHttp.java:277)
	at org.keycloak.keycloak-server-spi-private@16.1.0//org.keycloak.broker.provider.util.SimpleHttp.asResponse(SimpleHttp.java:216)
	at org.keycloak.keycloak-server-spi-private@16.1.0//org.keycloak.broker.provider.util.SimpleHttp.asString(SimpleHttp.java:208)
	at org.keycloak.keycloak-services@16.1.0//org.keycloak.broker.oidc.AbstractOAuth2IdentityProvider$Endpoint.authResponse(AbstractOAuth2IdentityProvider.java:500)
	at java.base/jdk.internal.reflect.NativeMethodAccessorImpl.invoke0(Native Method)
	at java.base/jdk.internal.reflect.NativeMethodAccessorImpl.invoke(NativeMethodAccessorImpl.java:62)
	at java.base/jdk.internal.reflect.DelegatingMethodAccessorImpl.invoke(DelegatingMethodAccessorImpl.java:43)
	at java.base/java.lang.reflect.Method.invoke(Method.java:566)
	at org.jboss.resteasy.resteasy-core@4.7.4.Final//org.jboss.resteasy.core.MethodInjectorImpl.invoke(MethodInjectorImpl.java:170)
	at org.jboss.resteasy.resteasy-core@4.7.4.Final//org.jboss.resteasy.core.MethodInjectorImpl.invoke(MethodInjectorImpl.java:130)
	at org.jboss.resteasy.resteasy-core@4.7.4.Final//org.jboss.resteasy.core.ResourceMethodInvoker.internalInvokeOnTarget(ResourceMethodInvoker.java:660)
	at org.jboss.resteasy.resteasy-core@4.7.4.Final//org.jboss.resteasy.core.ResourceMethodInvoker.invokeOnTargetAfterFilter(ResourceMethodInvoker.java:524)
	at org.jboss.resteasy.resteasy-core@4.7.4.Final//org.jboss.resteasy.core.ResourceMethodInvoker.lambda$invokeOnTarget$2(ResourceMethodInvoker.java:474)
	at org.jboss.resteasy.resteasy-core@4.7.4.Final//org.jboss.resteasy.core.interception.jaxrs.PreMatchContainerRequestContext.filter(PreMatchContainerRequestContext.java:364)
	at org.jboss.resteasy.resteasy-core@4.7.4.Final//org.jboss.resteasy.core.ResourceMethodInvoker.invokeOnTarget(ResourceMethodInvoker.java:476)
	at org.jboss.resteasy.resteasy-core@4.7.4.Final//org.jboss.resteasy.core.ResourceMethodInvoker.invoke(ResourceMethodInvoker.java:434)
	at org.jboss.resteasy.resteasy-core@4.7.4.Final//org.jboss.resteasy.core.ResourceLocatorInvoker.invokeOnTargetObject(ResourceLocatorInvoker.java:192)
	at org.jboss.resteasy.resteasy-core@4.7.4.Final//org.jboss.resteasy.core.ResourceLocatorInvoker.invoke(ResourceLocatorInvoker.java:152)
	at org.jboss.resteasy.resteasy-core@4.7.4.Final//org.jboss.resteasy.core.ResourceLocatorInvoker.invokeOnTargetObject(ResourceLocatorInvoker.java:183)
	at org.jboss.resteasy.resteasy-core@4.7.4.Final//org.jboss.resteasy.core.ResourceLocatorInvoker.invoke(ResourceLocatorInvoker.java:141)
	at org.jboss.resteasy.resteasy-core@4.7.4.Final//org.jboss.resteasy.core.ResourceLocatorInvoker.invoke(ResourceLocatorInvoker.java:32)
	at org.jboss.resteasy.resteasy-core@4.7.4.Final//org.jboss.resteasy.core.SynchronousDispatcher.invoke(SynchronousDispatcher.java:492)
	at org.jboss.resteasy.resteasy-core@4.7.4.Final//org.jboss.resteasy.core.SynchronousDispatcher.lambda$invoke$4(SynchronousDispatcher.java:261)
	at org.jboss.resteasy.resteasy-core@4.7.4.Final//org.jboss.resteasy.core.SynchronousDispatcher.lambda$preprocess$0(SynchronousDispatcher.java:161)
	at org.jboss.resteasy.resteasy-core@4.7.4.Final//org.jboss.resteasy.core.interception.jaxrs.PreMatchContainerRequestContext.filter(PreMatchContainerRequestContext.java:364)
	at org.jboss.resteasy.resteasy-core@4.7.4.Final//org.jboss.resteasy.core.SynchronousDispatcher.preprocess(SynchronousDispatcher.java:164)
	at org.jboss.resteasy.resteasy-core@4.7.4.Final//org.jboss.resteasy.core.SynchronousDispatcher.invoke(SynchronousDispatcher.java:247)
	at org.jboss.resteasy.resteasy-core@4.7.4.Final//org.jboss.resteasy.plugins.server.servlet.ServletContainerDispatcher.service(ServletContainerDispatcher.java:249)
	at org.jboss.resteasy.resteasy-core@4.7.4.Final//org.jboss.resteasy.plugins.server.servlet.HttpServletDispatcher.service(HttpServletDispatcher.java:60)
	at org.jboss.resteasy.resteasy-core@4.7.4.Final//org.jboss.resteasy.plugins.server.servlet.HttpServletDispatcher.service(HttpServletDispatcher.java:55)
	at javax.servlet.api@2.0.0.Final//javax.servlet.http.HttpServlet.service(HttpServlet.java:590)
	at io.undertow.servlet@2.2.14.Final//io.undertow.servlet.handlers.ServletHandler.handleRequest(ServletHandler.java:74)
	at io.undertow.servlet@2.2.14.Final//io.undertow.servlet.handlers.FilterHandler$FilterChainImpl.doFilter(FilterHandler.java:129)
	at org.keycloak.keycloak-wildfly-extensions@16.1.0//org.keycloak.provider.wildfly.WildFlyRequestFilter.lambda$doFilter$0(WildFlyRequestFilter.java:41)
	at org.keycloak.keycloak-services@16.1.0//org.keycloak.services.filters.AbstractRequestFilter.filter(AbstractRequestFilter.java:43)
	at org.keycloak.keycloak-wildfly-extensions@16.1.0//org.keycloak.provider.wildfly.WildFlyRequestFilter.doFilter(WildFlyRequestFilter.java:39)
	at io.undertow.servlet@2.2.14.Final//io.undertow.servlet.core.ManagedFilter.doFilter(ManagedFilter.java:61)
	at io.undertow.servlet@2.2.14.Final//io.undertow.servlet.handlers.FilterHandler$FilterChainImpl.doFilter(FilterHandler.java:131)
	at io.undertow.servlet@2.2.14.Final//io.undertow.servlet.handlers.FilterHandler.handleRequest(FilterHandler.java:84)
	at io.undertow.servlet@2.2.14.Final//io.undertow.servlet.handlers.security.ServletSecurityRoleHandler.handleRequest(ServletSecurityRoleHandler.java:62)
	at io.undertow.servlet@2.2.14.Final//io.undertow.servlet.handlers.ServletChain$1.handleRequest(ServletChain.java:68)
	at io.undertow.servlet@2.2.14.Final//io.undertow.servlet.handlers.ServletDispatchingHandler.handleRequest(ServletDispatchingHandler.java:36)
	at org.wildfly.security.elytron-web.undertow-server@1.10.1.Final//org.wildfly.elytron.web.undertow.server.ElytronRunAsHandler.lambda$handleRequest$1(ElytronRunAsHandler.java:68)
	at org.wildfly.security.elytron-base@1.18.1.Final//org.wildfly.security.auth.server.FlexibleIdentityAssociation.runAsFunctionEx(FlexibleIdentityAssociation.java:103)
	at org.wildfly.security.elytron-base@1.18.1.Final//org.wildfly.security.auth.server.Scoped.runAsFunctionEx(Scoped.java:161)
	at org.wildfly.security.elytron-base@1.18.1.Final//org.wildfly.security.auth.server.Scoped.runAs(Scoped.java:73)
	at org.wildfly.security.elytron-web.undertow-server@1.10.1.Final//org.wildfly.elytron.web.undertow.server.ElytronRunAsHandler.handleRequest(ElytronRunAsHandler.java:67)
	at io.undertow.servlet@2.2.14.Final//io.undertow.servlet.handlers.RedirectDirHandler.handleRequest(RedirectDirHandler.java:68)
	at io.undertow.servlet@2.2.14.Final//io.undertow.servlet.handlers.security.SSLInformationAssociationHandler.handleRequest(SSLInformationAssociationHandler.java:117)
	at io.undertow.servlet@2.2.14.Final//io.undertow.servlet.handlers.security.ServletAuthenticationCallHandler.handleRequest(ServletAuthenticationCallHandler.java:57)
	at io.undertow.core@2.2.14.Final//io.undertow.server.handlers.PredicateHandler.handleRequest(PredicateHandler.java:43)
	at io.undertow.core@2.2.14.Final//io.undertow.security.handlers.AbstractConfidentialityHandler.handleRequest(AbstractConfidentialityHandler.java:46)
	at io.undertow.servlet@2.2.14.Final//io.undertow.servlet.handlers.security.ServletConfidentialityConstraintHandler.handleRequest(ServletConfidentialityConstraintHandler.java:64)
	at io.undertow.core@2.2.14.Final//io.undertow.security.handlers.AbstractSecurityContextAssociationHandler.handleRequest(AbstractSecurityContextAssociationHandler.java:43)
	at org.wildfly.security.elytron-web.undertow-server-servlet@1.10.1.Final//org.wildfly.elytron.web.undertow.server.servlet.CleanUpHandler.handleRequest(CleanUpHandler.java:38)
	at io.undertow.core@2.2.14.Final//io.undertow.server.handlers.PredicateHandler.handleRequest(PredicateHandler.java:43)
	at org.wildfly.extension.undertow@26.0.0.Final//org.wildfly.extension.undertow.security.jacc.JACCContextIdHandler.handleRequest(JACCContextIdHandler.java:61)
	at io.undertow.core@2.2.14.Final//io.undertow.server.handlers.PredicateHandler.handleRequest(PredicateHandler.java:43)
	at org.wildfly.extension.undertow@26.0.0.Final//org.wildfly.extension.undertow.deployment.GlobalRequestControllerHandler.handleRequest(GlobalRequestControllerHandler.java:68)
	at io.undertow.servlet@2.2.14.Final//io.undertow.servlet.handlers.SendErrorPageHandler.handleRequest(SendErrorPageHandler.java:52)
	at io.undertow.core@2.2.14.Final//io.undertow.server.handlers.PredicateHandler.handleRequest(PredicateHandler.java:43)
	at io.undertow.servlet@2.2.14.Final//io.undertow.servlet.handlers.ServletInitialHandler.handleFirstRequest(ServletInitialHandler.java:275)
	at io.undertow.servlet@2.2.14.Final//io.undertow.servlet.handlers.ServletInitialHandler.access$100(ServletInitialHandler.java:79)
	at io.undertow.servlet@2.2.14.Final//io.undertow.servlet.handlers.ServletInitialHandler$2.call(ServletInitialHandler.java:134)
	at io.undertow.servlet@2.2.14.Final//io.undertow.servlet.handlers.ServletInitialHandler$2.call(ServletInitialHandler.java:131)
	at io.undertow.servlet@2.2.14.Final//io.undertow.servlet.core.ServletRequestContextThreadSetupAction$1.call(ServletRequestContextThreadSetupAction.java:48)
	at io.undertow.servlet@2.2.14.Final//io.undertow.servlet.core.ContextClassLoaderSetupAction$1.call(ContextClassLoaderSetupAction.java:43)
	at org.wildfly.extension.undertow@26.0.0.Final//org.wildfly.extension.undertow.deployment.UndertowDeploymentInfoService$UndertowThreadSetupAction.lambda$create$0(UndertowDeploymentInfoService.java:1544)
	at org.wildfly.extension.undertow@26.0.0.Final//org.wildfly.extension.undertow.deployment.UndertowDeploymentInfoService$UndertowThreadSetupAction.lambda$create$0(UndertowDeploymentInfoService.java:1544)
	at org.wildfly.extension.undertow@26.0.0.Final//org.wildfly.extension.undertow.deployment.UndertowDeploymentInfoService$UndertowThreadSetupAction.lambda$create$0(UndertowDeploymentInfoService.java:1544)
	at org.wildfly.extension.undertow@26.0.0.Final//org.wildfly.extension.undertow.deployment.UndertowDeploymentInfoService$UndertowThreadSetupAction.lambda$create$0(UndertowDeploymentInfoService.java:1544)
	at io.undertow.servlet@2.2.14.Final//io.undertow.servlet.handlers.ServletInitialHandler.dispatchRequest(ServletInitialHandler.java:255)
	at io.undertow.servlet@2.2.14.Final//io.undertow.servlet.handlers.ServletInitialHandler.access$000(ServletInitialHandler.java:79)
	at io.undertow.servlet@2.2.14.Final//io.undertow.servlet.handlers.ServletInitialHandler$1.handleRequest(ServletInitialHandler.java:100)
	at io.undertow.core@2.2.14.Final//io.undertow.server.Connectors.executeRootHandler(Connectors.java:387)
	at io.undertow.core@2.2.14.Final//io.undertow.server.HttpServerExchange$1.run(HttpServerExchange.java:852)
	at org.jboss.threads@2.4.0.Final//org.jboss.threads.ContextClassLoaderSavingRunnable.run(ContextClassLoaderSavingRunnable.java:35)
	at org.jboss.threads@2.4.0.Final//org.jboss.threads.EnhancedQueueExecutor.safeRun(EnhancedQueueExecutor.java:1990)
	at org.jboss.threads@2.4.0.Final//org.jboss.threads.EnhancedQueueExecutor$ThreadBody.doRunTask(EnhancedQueueExecutor.java:1486)
	at org.jboss.threads@2.4.0.Final//org.jboss.threads.EnhancedQueueExecutor$ThreadBody.run(EnhancedQueueExecutor.java:1377)
	at org.jboss.xnio@3.8.5.Final//org.xnio.XnioWorker$WorkerThreadFactory$1$1.run(XnioWorker.java:1280)
	at java.base/java.lang.Thread.run(Thread.java:834)

2022-05-11 12:21:23,530 WARN  [org.keycloak.events] (default task-3) type=IDENTITY_PROVIDER_LOGIN_ERROR, realmId=ecommerce, clientId=ecommerce, userId=null, ipAddress=127.0.0.1, error=identity_provider_login_failure, code_id=8a1f2dea-9844-4a5b-b323-bde1a142f6f8, authSessionParentId=8a1f2dea-9844-4a5b-b323-bde1a142f6f8, authSessionTabId=xMyb_o9OgGE
2022-05-11 12:52:00,282 INFO  [org.jboss.modules] (main) JBoss Modules version 2.0.0.Final
2022-05-11 12:52:00,794 INFO  [org.jboss.msc] (main) JBoss MSC version 1.4.13.Final
2022-05-11 12:52:00,802 INFO  [org.jboss.threads] (main) JBoss Threads version 2.4.0.Final
2022-05-11 12:52:00,916 INFO  [org.jboss.as] (MSC service thread 1-2) WFLYSRV0049: Keycloak 16.1.0 (WildFly Core 18.0.0.Final) starting
2022-05-11 12:52:00,918 DEBUG [org.jboss.as.config] (MSC service thread 1-2) Configured system properties:
	awt.toolkit = sun.awt.windows.WToolkit
	file.encoding = Cp1252
	file.separator = \
	java.awt.graphicsenv = sun.awt.Win32GraphicsEnvironment
	java.awt.headless = true
	java.awt.printerjob = sun.awt.windows.WPrinterJob
	java.class.path = C:\workspaceEcommerce\keycloak-ecommerce\jboss-modules.jar
	java.class.version = 55.0
	java.home = C:\Program Files\Java\jdk-11.0.14
	java.io.tmpdir = C:\Users\ELTI~1.LOP\AppData\Local\Temp\
	java.library.path = C:\Program Files\Java\jdk-11.0.14\bin;C:\WINDOWS\Sun\Java\bin;C:\WINDOWS\system32;C:\WINDOWS;C:\WINDOWS\system32;C:\WINDOWS;C:\WINDOWS\System32\Wbem;C:\WINDOWS\System32\WindowsPowerShell\v1.0\;C:\WINDOWS\System32\OpenSSH\;C:\Program Files\Git\cmd;C:\workspaceReactSpring\apache-maven-3.8.4\bin;C:\ProgramData\chocolatey\bin;C:\Users\Elton Lopes\AppData\Roaming\nvm;C:\Program Files\nodejs;C:\Users\Elton Lopes\AppData\Local\Programs\Microsoft VS Code\bin;C:\Users\Elton Lopes\AppData\Local\Android\Sdk\platform-tools;C:\Program Files\Java\jdk-11.0.14\bin;C:\gradle\gradle-7.3.2\bin;C:\Users\elti.lopes\AppData\Local\Android\Sdk\tools;C:\Users\elti.lopes\AppData\Local\Android\Sdk\tools\bin;C:\Users\elti.lopes\AppData\Local\Android\Sdk\platform-tools;C:\Users\elti.lopes\AppData\Local\Android\Sdk\emulator;%ANDROID_SDK_ROOT%\tools;%ANDROID_SDK_ROOT%\tools\bin;%ANDROID_SDK_ROOT%\platform-tools;C:\Users\elti.lopes\AppData\Local\Android\Sdk\emulator;C:\Program Files\Docker\Docker\resources\bin;C:\ProgramData\DockerDesktop\version-bin;C:\Program Files\erl-24.3.3\bin;C:\Program Files\dotnet\;C:\Program Files\Amazon\AWSCLIV2\;C:\Users\elti.lopes\AppData\Local\Microsoft\WindowsApps;C:\Program Files\JetBrains\IntelliJ IDEA 2021.3\bin;;C:\Users\elti.lopes\AppData\Local\Programs\Microsoft VS Code\bin;C:\Users\Elton Lopes\AppData\Roaming\nvm;C:\Program Files\nodejs;.
	java.net.preferIPv4Stack = true
	java.runtime.name = Java(TM) SE Runtime Environment
	java.runtime.version = 11.0.14+8-LTS-263
	java.specification.name = Java Platform API Specification
	java.specification.vendor = Oracle Corporation
	java.specification.version = 11
	java.util.logging.manager = org.jboss.logmanager.LogManager
	java.vendor = Oracle Corporation
	java.vendor.url = https://openjdk.java.net/
	java.vendor.url.bug = https://bugreport.java.com/bugreport/
	java.vendor.version = 18.9
	java.version = 11.0.14
	java.version.date = 2022-01-18
	java.vm.compressedOopsMode = 32-bit
	java.vm.info = mixed mode
	java.vm.name = Java HotSpot(TM) 64-Bit Server VM
	java.vm.specification.name = Java Virtual Machine Specification
	java.vm.specification.vendor = Oracle Corporation
	java.vm.specification.version = 11
	java.vm.vendor = Oracle Corporation
	java.vm.version = 11.0.14+8-LTS-263
	javax.management.builder.initial = org.jboss.as.jmx.PluggableMBeanServerBuilder
	jboss.home.dir = C:\workspaceEcommerce\keycloak-ecommerce
	jboss.host.name = nbqfc-jhs9qj3
	jboss.modules.dir = C:\workspaceEcommerce\keycloak-ecommerce\modules
	jboss.modules.system.pkgs = org.jboss.byteman
	jboss.node.name = nbqfc-jhs9qj3
	jboss.qualified.host.name = nbqfc-jhs9qj3
	jboss.server.base.dir = C:\workspaceEcommerce\keycloak-ecommerce\standalone
	jboss.server.config.dir = C:\workspaceEcommerce\keycloak-ecommerce\standalone\configuration
	jboss.server.data.dir = C:\workspaceEcommerce\keycloak-ecommerce\standalone\data
	jboss.server.deploy.dir = C:\workspaceEcommerce\keycloak-ecommerce\standalone\data\content
	jboss.server.log.dir = C:\workspaceEcommerce\keycloak-ecommerce\standalone\log
	jboss.server.name = nbqfc-jhs9qj3
	jboss.server.persist.config = true
	jboss.server.temp.dir = C:\workspaceEcommerce\keycloak-ecommerce\standalone\tmp
	jdk.debug = release
	line.separator = 

	logging.configuration = file:C:\workspaceEcommerce\keycloak-ecommerce\standalone\configuration/logging.properties
	module.path = C:\workspaceEcommerce\keycloak-ecommerce\modules
	org.jboss.boot.log.file = C:\workspaceEcommerce\keycloak-ecommerce\standalone\log\server.log
	org.jboss.resolver.warning = true
	os.arch = amd64
	os.name = Windows 10
	os.version = 10.0
	path.separator = ;
	program.name = standalone.bat
	sun.arch.data.model = 64
	sun.boot.library.path = C:\Program Files\Java\jdk-11.0.14\bin
	sun.cpu.endian = little
	sun.cpu.isalist = amd64
	sun.desktop = windows
	sun.io.unicode.encoding = UnicodeLittle
	sun.java.command = C:\workspaceEcommerce\keycloak-ecommerce\jboss-modules.jar -mp C:\workspaceEcommerce\keycloak-ecommerce\modules org.jboss.as.standalone -Djboss.home.dir=C:\workspaceEcommerce\keycloak-ecommerce
	sun.java.launcher = SUN_STANDARD
	sun.jnu.encoding = Cp1252
	sun.management.compiler = HotSpot 64-Bit Tiered Compilers
	sun.os.patch.level = 
	sun.stderr.encoding = cp850
	sun.stdout.encoding = cp850
	user.country = BR
	user.dir = C:\workspaceEcommerce\keycloak-ecommerce\bin
	user.home = C:\Users\elti.lopes
	user.language = pt
	user.name = elti.lopes
	user.script = 
	user.timezone = America/Sao_Paulo
	user.variant = 
2022-05-11 12:52:00,922 DEBUG [org.jboss.as.config] (MSC service thread 1-2) VM Arguments: -Dprogram.name=standalone.bat -Xms64M -Xmx512M -XX:MetaspaceSize=96M -XX:MaxMetaspaceSize=256m -Djava.net.preferIPv4Stack=true -Djboss.modules.system.pkgs=org.jboss.byteman -Djava.awt.headless=true --add-exports=java.desktop/sun.awt=ALL-UNNAMED --add-exports=java.naming/com.sun.jndi.ldap=ALL-UNNAMED --add-opens=java.base/java.lang=ALL-UNNAMED --add-opens=java.base/java.lang.invoke=ALL-UNNAMED --add-opens=java.base/java.io=ALL-UNNAMED --add-opens=java.base/java.lang.reflect=ALL-UNNAMED --add-opens=java.base/java.security=ALL-UNNAMED --add-opens=java.base/java.util=ALL-UNNAMED --add-opens=java.base/java.util.concurrent=ALL-UNNAMED --add-opens=java.management/javax.management=ALL-UNNAMED --add-opens=java.naming/javax.naming=ALL-UNNAMED -Dorg.jboss.boot.log.file=C:\workspaceEcommerce\keycloak-ecommerce\standalone\log\server.log -Dlogging.configuration=file:C:\workspaceEcommerce\keycloak-ecommerce\standalone\configuration/logging.properties 
2022-05-11 12:52:01,874 INFO  [org.wildfly.security] (ServerService Thread Pool -- 19) ELY00001: WildFly Elytron version 1.18.1.Final
2022-05-11 12:52:02,715 INFO  [org.jboss.as.server] (Controller Boot Thread) WFLYSRV0039: Creating http management service using socket-binding (management-http)
2022-05-11 12:52:02,753 INFO  [org.xnio] (MSC service thread 1-2) XNIO version 3.8.5.Final
2022-05-11 12:52:02,769 INFO  [org.xnio.nio] (MSC service thread 1-2) XNIO NIO Implementation Version 3.8.5.Final
2022-05-11 12:52:02,964 WARN  [org.jboss.as.txn] (ServerService Thread Pool -- 49) WFLYTX0013: The node-identifier attribute on the /subsystem=transactions is set to the default value. This is a danger for environments running multiple servers. Please make sure the attribute value is unique.
2022-05-11 12:52:03,090 INFO  [org.wildfly.extension.health] (ServerService Thread Pool -- 35) WFLYHEALTH0001: Activating Base Health Subsystem
2022-05-11 12:52:03,100 INFO  [org.jboss.as.clustering.infinispan] (ServerService Thread Pool -- 36) WFLYCLINF0001: Activating Infinispan subsystem.
2022-05-11 12:52:03,102 INFO  [org.jboss.as.jaxrs] (ServerService Thread Pool -- 38) WFLYRS0016: RESTEasy version 4.7.4.Final
2022-05-11 12:52:03,111 INFO  [org.jboss.as.naming] (ServerService Thread Pool -- 45) WFLYNAM0001: Activating Naming Subsystem
2022-05-11 12:52:03,161 INFO  [org.wildfly.extension.metrics] (ServerService Thread Pool -- 44) WFLYMETRICS0001: Activating Base Metrics Subsystem
2022-05-11 12:52:03,183 INFO  [org.jboss.as.naming] (MSC service thread 1-6) WFLYNAM0003: Starting Naming Service
2022-05-11 12:52:03,189 INFO  [org.jboss.as.mail.extension] (MSC service thread 1-8) WFLYMAIL0001: Bound mail session [java:jboss/mail/Default]
2022-05-11 12:52:03,210 INFO  [org.jboss.as.connector] (MSC service thread 1-7) WFLYJCA0009: Starting Jakarta Connectors Subsystem (WildFly/IronJacamar 1.5.3.Final)
2022-05-11 12:52:03,227 INFO  [org.wildfly.extension.undertow] (MSC service thread 1-4) WFLYUT0003: Undertow 2.2.14.Final starting
2022-05-11 12:52:03,287 ERROR [stderr] (ServerService Thread Pool -- 30) Loading class `com.mysql.jdbc.Driver'. This is deprecated. The new driver class is `com.mysql.cj.jdbc.Driver'. The driver is automatically registered via the SPI and manual loading of the driver class is generally unnecessary.
2022-05-11 12:52:03,296 INFO  [org.jboss.as.connector.subsystems.datasources] (ServerService Thread Pool -- 30) WFLYJCA0005: Deploying non-JDBC-compliant driver class com.mysql.jdbc.Driver (version 8.0)
2022-05-11 12:52:03,323 INFO  [org.jboss.as.connector.subsystems.datasources] (ServerService Thread Pool -- 30) WFLYJCA0004: Deploying JDBC-compliant driver class org.h2.Driver (version 1.4)
2022-05-11 12:52:03,332 WARN  [org.wildfly.extension.elytron] (MSC service thread 1-3) WFLYELY00023: KeyStore file 'C:\workspaceEcommerce\keycloak-ecommerce\standalone\configuration\application.keystore' does not exist. Used blank.
2022-05-11 12:52:03,333 INFO  [org.jboss.as.connector.deployers.jdbc] (MSC service thread 1-4) WFLYJCA0018: Started Driver service with driver-name = mysql
2022-05-11 12:52:03,342 WARN  [org.wildfly.clustering.web.undertow] (ServerService Thread Pool -- 50) WFLYCLWEBUT0007: No routing provider found for default-server; using legacy provider based on static configuration
2022-05-11 12:52:03,382 INFO  [org.jboss.as.connector.deployers.jdbc] (MSC service thread 1-3) WFLYJCA0018: Started Driver service with driver-name = h2
2022-05-11 12:52:03,412 WARN  [org.wildfly.extension.elytron] (MSC service thread 1-6) WFLYELY01084: KeyStore C:\workspaceEcommerce\keycloak-ecommerce\standalone\configuration\application.keystore not found, it will be auto generated on first use with a self-signed certificate for host localhost
2022-05-11 12:52:03,558 INFO  [org.wildfly.extension.undertow] (ServerService Thread Pool -- 50) WFLYUT0014: Creating file handler for path 'C:\workspaceEcommerce\keycloak-ecommerce/welcome-content' with options [directory-listing: 'false', follow-symlink: 'false', case-sensitive: 'true', safe-symlink-paths: '[]']
2022-05-11 12:52:04,034 INFO  [org.wildfly.extension.io] (ServerService Thread Pool -- 37) WFLYIO001: Worker 'default' has auto-configured to 16 IO threads with 128 max task threads based on your 8 available processors
2022-05-11 12:52:04,038 INFO  [org.jboss.as.ejb3] (MSC service thread 1-4) WFLYEJB0481: Strict pool slsb-strict-max-pool is using a max instance size of 128 (per class), which is derived from thread worker pool sizing.
2022-05-11 12:52:04,038 INFO  [org.jboss.as.ejb3] (MSC service thread 1-1) WFLYEJB0482: Strict pool mdb-strict-max-pool is using a max instance size of 32 (per class), which is derived from the number of CPUs on this host.
2022-05-11 12:52:04,066 INFO  [org.jboss.remoting] (MSC service thread 1-4) JBoss Remoting version 5.0.23.Final
2022-05-11 12:52:04,069 INFO  [org.jboss.as.patching] (MSC service thread 1-8) WFLYPAT0050: Keycloak cumulative patch ID is: base, one-off patches include: none
2022-05-11 12:52:04,073 INFO  [org.jboss.as.server.deployment.scanner] (MSC service thread 1-2) WFLYDS0013: Started FileSystemDeploymentService for directory C:\workspaceEcommerce\keycloak-ecommerce\standalone\deployments
2022-05-11 12:52:04,090 INFO  [org.wildfly.extension.undertow] (MSC service thread 1-8) WFLYUT0012: Started server default-server.
2022-05-11 12:52:04,092 INFO  [org.wildfly.extension.undertow] (MSC service thread 1-3) Queuing requests.
2022-05-11 12:52:04,093 INFO  [org.jboss.as.server.deployment] (MSC service thread 1-1) WFLYSRV0027: Starting deployment of "keycloak-server.war" (runtime-name: "keycloak-server.war")
2022-05-11 12:52:04,095 INFO  [org.wildfly.extension.undertow] (MSC service thread 1-3) WFLYUT0018: Host default-host starting
2022-05-11 12:52:04,116 INFO  [org.wildfly.extension.undertow] (MSC service thread 1-2) WFLYUT0006: Undertow HTTP listener default listening on 127.0.0.1:8080
2022-05-11 12:52:04,163 INFO  [org.wildfly.extension.undertow] (MSC service thread 1-8) WFLYUT0006: Undertow HTTPS listener https listening on 127.0.0.1:8443
2022-05-11 12:52:04,230 INFO  [org.jboss.as.ejb3] (MSC service thread 1-3) WFLYEJB0493: Jakarta Enterprise Beans subsystem suspension complete
2022-05-11 12:52:04,316 INFO  [org.jboss.as.connector.subsystems.datasources] (MSC service thread 1-6) WFLYJCA0001: Bound data source [java:/jboss/datasources/KeycloakDS]
2022-05-11 12:52:04,317 INFO  [org.jboss.as.connector.subsystems.datasources] (MSC service thread 1-7) WFLYJCA0001: Bound data source [java:jboss/datasources/ExampleDS]
2022-05-11 12:52:05,027 INFO  [org.infinispan.CONTAINER] (ServerService Thread Pool -- 53) ISPN000128: Infinispan version: Infinispan 'Taedonggang' 12.1.7.Final
2022-05-11 12:52:05,126 INFO  [org.infinispan.CONFIG] (MSC service thread 1-6) ISPN000152: Passivation configured without an eviction policy being selected. Only manually evicted entities will be passivated.
2022-05-11 12:52:05,134 INFO  [org.infinispan.CONFIG] (MSC service thread 1-6) ISPN000152: Passivation configured without an eviction policy being selected. Only manually evicted entities will be passivated.
2022-05-11 12:52:05,193 INFO  [org.infinispan.CONTAINER] (ServerService Thread Pool -- 53) ISPN000556: Starting user marshaller 'org.wildfly.clustering.infinispan.spi.marshalling.InfinispanProtoStreamMarshaller'
2022-05-11 12:52:05,193 INFO  [org.infinispan.CONTAINER] (ServerService Thread Pool -- 52) ISPN000556: Starting user marshaller 'org.wildfly.clustering.infinispan.marshalling.jboss.JBossMarshaller'
2022-05-11 12:52:05,520 INFO  [org.jboss.as.clustering.infinispan] (ServerService Thread Pool -- 53) WFLYCLINF0002: Started http-remoting-connector cache from ejb container
2022-05-11 12:52:05,542 INFO  [org.jboss.as.clustering.infinispan] (ServerService Thread Pool -- 62) WFLYCLINF0002: Started clientSessions cache from keycloak container
2022-05-11 12:52:05,543 INFO  [org.jboss.as.clustering.infinispan] (ServerService Thread Pool -- 59) WFLYCLINF0002: Started offlineSessions cache from keycloak container
2022-05-11 12:52:05,542 INFO  [org.jboss.as.clustering.infinispan] (ServerService Thread Pool -- 57) WFLYCLINF0002: Started loginFailures cache from keycloak container
2022-05-11 12:52:05,543 INFO  [org.jboss.as.clustering.infinispan] (ServerService Thread Pool -- 58) WFLYCLINF0002: Started sessions cache from keycloak container
2022-05-11 12:52:05,543 INFO  [org.jboss.as.clustering.infinispan] (ServerService Thread Pool -- 55) WFLYCLINF0002: Started actionTokens cache from keycloak container
2022-05-11 12:52:05,543 INFO  [org.jboss.as.clustering.infinispan] (ServerService Thread Pool -- 61) WFLYCLINF0002: Started authenticationSessions cache from keycloak container
2022-05-11 12:52:05,543 INFO  [org.jboss.as.clustering.infinispan] (ServerService Thread Pool -- 60) WFLYCLINF0002: Started offlineClientSessions cache from keycloak container
2022-05-11 12:52:05,544 INFO  [org.jboss.as.clustering.infinispan] (ServerService Thread Pool -- 56) WFLYCLINF0002: Started work cache from keycloak container
2022-05-11 12:52:05,579 INFO  [org.jboss.as.clustering.infinispan] (ServerService Thread Pool -- 64) WFLYCLINF0002: Started users cache from keycloak container
2022-05-11 12:52:05,579 INFO  [org.jboss.as.clustering.infinispan] (ServerService Thread Pool -- 63) WFLYCLINF0002: Started authorization cache from keycloak container
2022-05-11 12:52:05,580 INFO  [org.jboss.as.clustering.infinispan] (ServerService Thread Pool -- 54) WFLYCLINF0002: Started realms cache from keycloak container
2022-05-11 12:52:05,581 INFO  [org.jboss.as.clustering.infinispan] (ServerService Thread Pool -- 52) WFLYCLINF0002: Started keys cache from keycloak container
2022-05-11 12:52:05,684 WARN  [org.jboss.as.server.deployment] (MSC service thread 1-2) WFLYSRV0273: Excluded subsystem webservices via jboss-deployment-structure.xml does not exist.
2022-05-11 12:52:06,084 INFO  [org.keycloak.services] (ServerService Thread Pool -- 63) KC-SERVICES0001: Loading config from standalone.xml or domain.xml
2022-05-11 12:52:06,726 INFO  [org.keycloak.url.DefaultHostnameProviderFactory] (ServerService Thread Pool -- 63) Frontend: <request>, Admin: <frontend>, Backend: <request>
2022-05-11 12:52:06,897 INFO  [org.jboss.as.clustering.infinispan] (ServerService Thread Pool -- 63) WFLYCLINF0002: Started realmRevisions cache from keycloak container
2022-05-11 12:52:06,906 INFO  [org.jboss.as.clustering.infinispan] (ServerService Thread Pool -- 63) WFLYCLINF0002: Started userRevisions cache from keycloak container
2022-05-11 12:52:06,915 INFO  [org.jboss.as.clustering.infinispan] (ServerService Thread Pool -- 63) WFLYCLINF0002: Started authorizationRevisions cache from keycloak container
2022-05-11 12:52:06,919 INFO  [org.keycloak.connections.infinispan.DefaultInfinispanConnectionProviderFactory] (ServerService Thread Pool -- 63) Node name: nbqfc-jhs9qj3, Site name: null
2022-05-11 12:52:08,020 INFO  [org.keycloak.connections.jpa.DefaultJpaConnectionProviderFactory] (ServerService Thread Pool -- 63) Database info: {databaseUrl=jdbc:mysql://localhost:3306/keyclock?useSSL=false, databaseUser=root@localhost, databaseProduct=MySQL 8.0.27, databaseDriver=MySQL Connector/J mysql-connector-java-8.0.28 (Revision: 7ff2161da3899f379fb3171b6538b191b1c5c7e2)}
2022-05-11 12:52:09,108 INFO  [org.hibernate.jpa.internal.util.LogHelper] (ServerService Thread Pool -- 63) HHH000204: Processing PersistenceUnitInfo [
	name: keycloak-default
	...]
2022-05-11 12:52:09,193 INFO  [org.hibernate.Version] (ServerService Thread Pool -- 63) HHH000412: Hibernate Core {5.3.24.Final}
2022-05-11 12:52:09,198 INFO  [org.hibernate.cfg.Environment] (ServerService Thread Pool -- 63) HHH000206: hibernate.properties not found
2022-05-11 12:52:09,399 INFO  [org.hibernate.annotations.common.Version] (ServerService Thread Pool -- 63) HCANN000001: Hibernate Commons Annotations {5.0.5.Final}
2022-05-11 12:52:09,550 INFO  [org.hibernate.dialect.Dialect] (ServerService Thread Pool -- 63) HHH000400: Using dialect: org.hibernate.dialect.MySQL8Dialect
2022-05-11 12:52:09,592 INFO  [org.hibernate.envers.boot.internal.EnversServiceImpl] (ServerService Thread Pool -- 63) Envers integration enabled? : true
2022-05-11 12:52:09,847 INFO  [org.hibernate.orm.beans] (ServerService Thread Pool -- 63) HHH10005002: No explicit CDI BeanManager reference was passed to Hibernate, but CDI is available on the Hibernate ClassLoader.
2022-05-11 12:52:10,072 INFO  [org.hibernate.validator.internal.util.Version] (ServerService Thread Pool -- 63) HV000001: Hibernate Validator 6.0.22.Final
2022-05-11 12:52:11,032 INFO  [org.hibernate.hql.internal.QueryTranslatorFactoryInitiator] (ServerService Thread Pool -- 63) HHH000397: Using ASTQueryTranslatorFactory
2022-05-11 12:52:12,284 INFO  [org.jboss.resteasy.resteasy_jaxrs.i18n] (ServerService Thread Pool -- 63) RESTEASY002225: Deploying javax.ws.rs.core.Application: class org.keycloak.services.resources.KeycloakApplication
2022-05-11 12:52:12,285 INFO  [org.jboss.resteasy.resteasy_jaxrs.i18n] (ServerService Thread Pool -- 63) RESTEASY002205: Adding provider class org.keycloak.services.error.KeycloakErrorHandler from Application class org.keycloak.services.resources.KeycloakApplication
2022-05-11 12:52:12,287 INFO  [org.jboss.resteasy.resteasy_jaxrs.i18n] (ServerService Thread Pool -- 63) RESTEASY002200: Adding class resource org.keycloak.services.resources.ThemeResource from Application class org.keycloak.services.resources.KeycloakApplication
2022-05-11 12:52:12,287 INFO  [org.jboss.resteasy.resteasy_jaxrs.i18n] (ServerService Thread Pool -- 63) RESTEASY002200: Adding class resource org.keycloak.services.resources.JsResource from Application class org.keycloak.services.resources.KeycloakApplication
2022-05-11 12:52:12,289 INFO  [org.jboss.resteasy.resteasy_jaxrs.i18n] (ServerService Thread Pool -- 63) RESTEASY002205: Adding provider class org.keycloak.services.filters.KeycloakSecurityHeadersFilter from Application class org.keycloak.services.resources.KeycloakApplication
2022-05-11 12:52:12,290 INFO  [org.jboss.resteasy.resteasy_jaxrs.i18n] (ServerService Thread Pool -- 63) RESTEASY002220: Adding singleton resource org.keycloak.services.resources.WelcomeResource from Application class org.keycloak.services.resources.KeycloakApplication
2022-05-11 12:52:12,290 INFO  [org.jboss.resteasy.resteasy_jaxrs.i18n] (ServerService Thread Pool -- 63) RESTEASY002220: Adding singleton resource org.keycloak.services.resources.RealmsResource from Application class org.keycloak.services.resources.KeycloakApplication
2022-05-11 12:52:12,291 INFO  [org.jboss.resteasy.resteasy_jaxrs.i18n] (ServerService Thread Pool -- 63) RESTEASY002220: Adding singleton resource org.keycloak.services.resources.admin.AdminRoot from Application class org.keycloak.services.resources.KeycloakApplication
2022-05-11 12:52:12,292 INFO  [org.jboss.resteasy.resteasy_jaxrs.i18n] (ServerService Thread Pool -- 63) RESTEASY002210: Adding provider singleton org.keycloak.services.util.ObjectMapperResolver from Application class org.keycloak.services.resources.KeycloakApplication
2022-05-11 12:52:12,292 INFO  [org.jboss.resteasy.resteasy_jaxrs.i18n] (ServerService Thread Pool -- 63) RESTEASY002220: Adding singleton resource org.keycloak.services.resources.RobotsResource from Application class org.keycloak.services.resources.KeycloakApplication
2022-05-11 12:52:12,363 INFO  [org.wildfly.extension.undertow] (ServerService Thread Pool -- 63) WFLYUT0021: Registered web context: '/auth' for server 'default-server'
2022-05-11 12:52:12,439 INFO  [org.jboss.as.server] (ServerService Thread Pool -- 42) WFLYSRV0010: Deployed "keycloak-server.war" (runtime-name : "keycloak-server.war")
2022-05-11 12:52:12,484 INFO  [org.jboss.as.server] (Controller Boot Thread) WFLYSRV0212: Resuming server
2022-05-11 12:52:12,487 INFO  [org.jboss.as] (Controller Boot Thread) WFLYSRV0025: Keycloak 16.1.0 (WildFly Core 18.0.0.Final) started in 12545ms - Started 574 of 852 services (576 services are lazy, passive or on-demand)
2022-05-11 12:52:12,491 INFO  [org.jboss.as] (Controller Boot Thread) WFLYSRV0060: Http management interface listening on http://127.0.0.1:9990/management
2022-05-11 12:52:12,491 INFO  [org.jboss.as] (Controller Boot Thread) WFLYSRV0051: Admin console listening on http://127.0.0.1:9990
