2022-01-12 13:26:21,254 INFO  [org.jboss.modules] (main) JBoss Modules version 1.12.0.Final
2022-01-12 13:26:23,598 INFO  [org.jboss.msc] (main) JBoss MSC version 1.4.13.Final
2022-01-12 13:26:23,606 INFO  [org.jboss.threads] (main) JBoss Threads version 2.4.0.Final
2022-01-12 13:26:23,696 INFO  [org.jboss.as] (MSC service thread 1-2) WFLYSRV0049: Keycloak 16.0.0 (WildFly Core 17.0.3.Final) starting
2022-01-12 13:26:23,698 DEBUG [org.jboss.as.config] (MSC service thread 1-2) Configured system properties:
	awt.toolkit = sun.awt.windows.WToolkit
	file.encoding = Cp1252
	file.encoding.pkg = sun.io
	file.separator = \
	java.awt.graphicsenv = sun.awt.Win32GraphicsEnvironment
	java.awt.headless = true
	java.awt.printerjob = sun.awt.windows.WPrinterJob
	java.class.path = C:\workspaceKeycloackSpring\keycloak-16.0.0\jboss-modules.jar
	java.class.version = 52.0
	java.endorsed.dirs = C:\Program Files\Java\jdk1.8.0_202\jre\lib\endorsed
	java.ext.dirs = C:\Program Files\Java\jdk1.8.0_202\jre\lib\ext;C:\WINDOWS\Sun\Java\lib\ext
	java.home = C:\Program Files\Java\jdk1.8.0_202\jre
	java.io.tmpdir = C:\Users\ELTI~1.LOP\AppData\Local\Temp\
	java.library.path = C:\Program Files\Java\jdk1.8.0_202\bin;C:\WINDOWS\Sun\Java\bin;C:\WINDOWS\system32;C:\WINDOWS;C:\Program Files (x86)\Common Files\Oracle\Java\javapath;C:\WINDOWS\system32;C:\WINDOWS;C:\WINDOWS\System32\Wbem;C:\WINDOWS\System32\WindowsPowerShell\v1.0\;C:\WINDOWS\System32\OpenSSH\;C:\Program Files\Git\cmd;C:\workspaceReactSpring\apache-maven-3.8.4\bin;C:\ProgramData\chocolatey\bin;C:\Users\Elton Lopes\AppData\Roaming\nvm;C:\Program Files\nodejs;C:\Users\Elton Lopes\AppData\Local\Programs\Microsoft VS Code\bin;C:\Users\Elton Lopes\AppData\Local\Android\Sdk\platform-tools;C:\Program Files\Java\jdk1.8.0_202\bin;C:\gradle\gradle-7.3.2\bin;C:\Users\elti.lopes\AppData\Local\Android\Sdk\tools;C:\Users\elti.lopes\AppData\Local\Android\Sdk\tools\bin;C:\Users\elti.lopes\AppData\Local\Android\Sdk\platform-tools;C:\Users\elti.lopes\AppData\Local\Android\Sdk\emulator;%ANDROID_SDK_ROOT%\tools;%ANDROID_SDK_ROOT%\tools\bin;%ANDROID_SDK_ROOT%\platform-tools;C:\Users\elti.lopes\AppData\Local\Android\Sdk\emulator;;C:\Program Files\Docker\Docker\resources\bin;C:\ProgramData\DockerDesktop\version-bin;C:\Users\elti.lopes\AppData\Local\Microsoft\WindowsApps;C:\Program Files\JetBrains\IntelliJ IDEA 2021.3\bin;;C:\Users\elti.lopes\AppData\Local\Programs\Microsoft VS Code\bin;C:\Users\Elton Lopes\AppData\Roaming\nvm;C:\Program Files\nodejs;.
	java.net.preferIPv4Stack = true
	java.runtime.name = Java(TM) SE Runtime Environment
	java.runtime.version = 1.8.0_202-b08
	java.specification.name = Java Platform API Specification
	java.specification.vendor = Oracle Corporation
	java.specification.version = 1.8
	java.util.logging.manager = org.jboss.logmanager.LogManager
	java.vendor = Oracle Corporation
	java.vendor.url = http://java.oracle.com/
	java.vendor.url.bug = http://bugreport.sun.com/bugreport/
	java.version = 1.8.0_202
	java.vm.info = mixed mode
	java.vm.name = Java HotSpot(TM) 64-Bit Server VM
	java.vm.specification.name = Java Virtual Machine Specification
	java.vm.specification.vendor = Oracle Corporation
	java.vm.specification.version = 1.8
	java.vm.vendor = Oracle Corporation
	java.vm.version = 25.202-b08
	javax.management.builder.initial = org.jboss.as.jmx.PluggableMBeanServerBuilder
	jboss.home.dir = C:\workspaceKeycloackSpring\keycloak-16.0.0
	jboss.host.name = nbqfc-jhs9qj3
	jboss.modules.dir = C:\workspaceKeycloackSpring\keycloak-16.0.0\modules
	jboss.modules.system.pkgs = org.jboss.byteman
	jboss.node.name = nbqfc-jhs9qj3
	jboss.qualified.host.name = nbqfc-jhs9qj3
	jboss.server.base.dir = C:\workspaceKeycloackSpring\keycloak-16.0.0\standalone
	jboss.server.config.dir = C:\workspaceKeycloackSpring\keycloak-16.0.0\standalone\configuration
	jboss.server.data.dir = C:\workspaceKeycloackSpring\keycloak-16.0.0\standalone\data
	jboss.server.deploy.dir = C:\workspaceKeycloackSpring\keycloak-16.0.0\standalone\data\content
	jboss.server.log.dir = C:\workspaceKeycloackSpring\keycloak-16.0.0\standalone\log
	jboss.server.name = nbqfc-jhs9qj3
	jboss.server.persist.config = true
	jboss.server.temp.dir = C:\workspaceKeycloackSpring\keycloak-16.0.0\standalone\tmp
	line.separator = 

	logging.configuration = file:C:\workspaceKeycloackSpring\keycloak-16.0.0\standalone\configuration/logging.properties
	module.path = C:\workspaceKeycloackSpring\keycloak-16.0.0\modules
	org.jboss.boot.log.file = C:\workspaceKeycloackSpring\keycloak-16.0.0\standalone\log\server.log
	org.jboss.resolver.warning = true
	os.arch = amd64
	os.name = Windows 10
	os.version = 10.0
	path.separator = ;
	program.name = standalone.bat
	sun.arch.data.model = 64
	sun.boot.class.path = C:\Program Files\Java\jdk1.8.0_202\jre\lib\resources.jar;C:\Program Files\Java\jdk1.8.0_202\jre\lib\rt.jar;C:\Program Files\Java\jdk1.8.0_202\jre\lib\sunrsasign.jar;C:\Program Files\Java\jdk1.8.0_202\jre\lib\jsse.jar;C:\Program Files\Java\jdk1.8.0_202\jre\lib\jce.jar;C:\Program Files\Java\jdk1.8.0_202\jre\lib\charsets.jar;C:\Program Files\Java\jdk1.8.0_202\jre\lib\jfr.jar;C:\Program Files\Java\jdk1.8.0_202\jre\classes
	sun.boot.library.path = C:\Program Files\Java\jdk1.8.0_202\jre\bin
	sun.cpu.endian = little
	sun.cpu.isalist = amd64
	sun.desktop = windows
	sun.io.unicode.encoding = UnicodeLittle
	sun.java.command = C:\workspaceKeycloackSpring\keycloak-16.0.0\jboss-modules.jar -mp C:\workspaceKeycloackSpring\keycloak-16.0.0\modules org.jboss.as.standalone -Djboss.home.dir=C:\workspaceKeycloackSpring\keycloak-16.0.0
	sun.java.launcher = SUN_STANDARD
	sun.jnu.encoding = Cp1252
	sun.management.compiler = HotSpot 64-Bit Tiered Compilers
	sun.os.patch.level = 
	sun.stderr.encoding = cp850
	sun.stdout.encoding = cp850
	user.country = BR
	user.dir = C:\workspaceKeycloackSpring\keycloak-16.0.0\bin
	user.home = C:\Users\elti.lopes
	user.language = pt
	user.name = elti.lopes
	user.script = 
	user.timezone = America/Sao_Paulo
	user.variant = 
2022-01-12 13:26:23,699 DEBUG [org.jboss.as.config] (MSC service thread 1-2) VM Arguments: -Dprogram.name=standalone.bat -Xms64M -Xmx512M -XX:MetaspaceSize=96M -XX:MaxMetaspaceSize=256m -Djava.net.preferIPv4Stack=true -Djboss.modules.system.pkgs=org.jboss.byteman -Djava.awt.headless=true -Dorg.jboss.boot.log.file=C:\workspaceKeycloackSpring\keycloak-16.0.0\standalone\log\server.log -Dlogging.configuration=file:C:\workspaceKeycloackSpring\keycloak-16.0.0\standalone\configuration/logging.properties 
2022-01-12 13:26:26,286 INFO  [org.wildfly.security] (ServerService Thread Pool -- 19) ELY00001: WildFly Elytron version 1.17.1.Final
2022-01-12 13:26:30,334 INFO  [org.jboss.as.server] (Controller Boot Thread) WFLYSRV0039: Creating http management service using socket-binding (management-http)
2022-01-12 13:26:30,351 INFO  [org.xnio] (MSC service thread 1-1) XNIO version 3.8.4.Final
2022-01-12 13:26:30,360 INFO  [org.xnio.nio] (MSC service thread 1-1) XNIO NIO Implementation Version 3.8.4.Final
2022-01-12 13:26:30,411 WARN  [org.jboss.as.txn] (ServerService Thread Pool -- 49) WFLYTX0013: The node-identifier attribute on the /subsystem=transactions is set to the default value. This is a danger for environments running multiple servers. Please make sure the attribute value is unique.
2022-01-12 13:26:30,416 INFO  [org.jboss.as.jaxrs] (ServerService Thread Pool -- 38) WFLYRS0016: RESTEasy version 4.7.2.Final
2022-01-12 13:26:30,424 INFO  [org.jboss.as.clustering.infinispan] (ServerService Thread Pool -- 36) WFLYCLINF0001: Activating Infinispan subsystem.
2022-01-12 13:26:30,426 INFO  [org.jboss.as.naming] (ServerService Thread Pool -- 45) WFLYNAM0001: Activating Naming Subsystem
2022-01-12 13:26:30,426 INFO  [org.wildfly.extension.health] (ServerService Thread Pool -- 35) WFLYHEALTH0001: Activating Base Health Subsystem
2022-01-12 13:26:30,501 INFO  [org.jboss.as.connector] (MSC service thread 1-6) WFLYJCA0009: Starting Jakarta Connectors Subsystem (WildFly/IronJacamar 1.5.2.Final)
2022-01-12 13:26:30,515 INFO  [org.wildfly.extension.metrics] (ServerService Thread Pool -- 44) WFLYMETRICS0001: Activating Base Metrics Subsystem
2022-01-12 13:26:30,568 INFO  [org.wildfly.extension.undertow] (MSC service thread 1-7) WFLYUT0003: Undertow 2.2.12.Final starting
2022-01-12 13:26:30,577 INFO  [org.jboss.as.connector.subsystems.datasources] (ServerService Thread Pool -- 30) WFLYJCA0004: Deploying JDBC-compliant driver class org.h2.Driver (version 1.4)
2022-01-12 13:26:30,589 INFO  [org.jboss.as.connector.deployers.jdbc] (MSC service thread 1-5) WFLYJCA0018: Started Driver service with driver-name = h2
2022-01-12 13:26:30,591 INFO  [org.jboss.as.naming] (MSC service thread 1-7) WFLYNAM0003: Starting Naming Service
2022-01-12 13:26:30,595 INFO  [org.jboss.as.mail.extension] (MSC service thread 1-5) WFLYMAIL0001: Bound mail session [java:jboss/mail/Default]
2022-01-12 13:26:30,726 WARN  [org.wildfly.clustering.web.undertow] (ServerService Thread Pool -- 50) WFLYCLWEBUT0007: No routing provider found for default-server; using legacy provider based on static configuration
2022-01-12 13:26:30,797 WARN  [org.wildfly.extension.elytron] (MSC service thread 1-5) WFLYELY00023: KeyStore file 'C:\workspaceKeycloackSpring\keycloak-16.0.0\standalone\configuration\application.keystore' does not exist. Used blank.
2022-01-12 13:26:30,828 WARN  [org.wildfly.extension.elytron] (MSC service thread 1-8) WFLYELY01084: KeyStore C:\workspaceKeycloackSpring\keycloak-16.0.0\standalone\configuration\application.keystore not found, it will be auto generated on first use with a self-signed certificate for host localhost
2022-01-12 13:26:30,984 INFO  [org.wildfly.extension.undertow] (ServerService Thread Pool -- 50) WFLYUT0014: Creating file handler for path 'C:\workspaceKeycloackSpring\keycloak-16.0.0/welcome-content' with options [directory-listing: 'false', follow-symlink: 'false', case-sensitive: 'true', safe-symlink-paths: '[]']
2022-01-12 13:26:31,980 INFO  [org.wildfly.extension.io] (ServerService Thread Pool -- 37) WFLYIO001: Worker 'default' has auto-configured to 16 IO threads with 128 max task threads based on your 8 available processors
2022-01-12 13:26:31,988 INFO  [org.jboss.as.ejb3] (MSC service thread 1-7) WFLYEJB0482: Strict pool mdb-strict-max-pool is using a max instance size of 32 (per class), which is derived from the number of CPUs on this host.
2022-01-12 13:26:31,987 INFO  [org.jboss.as.ejb3] (MSC service thread 1-5) WFLYEJB0481: Strict pool slsb-strict-max-pool is using a max instance size of 128 (per class), which is derived from thread worker pool sizing.
2022-01-12 13:26:32,035 INFO  [org.jboss.remoting] (MSC service thread 1-1) JBoss Remoting version 5.0.23.Final
2022-01-12 13:26:32,049 INFO  [org.wildfly.extension.undertow] (MSC service thread 1-3) WFLYUT0012: Started server default-server.
2022-01-12 13:26:32,050 INFO  [org.wildfly.extension.undertow] (MSC service thread 1-3) Queuing requests.
2022-01-12 13:26:32,061 INFO  [org.wildfly.extension.undertow] (MSC service thread 1-3) WFLYUT0018: Host default-host starting
2022-01-12 13:26:32,119 INFO  [org.wildfly.extension.undertow] (MSC service thread 1-2) WFLYUT0006: Undertow HTTP listener default listening on 127.0.0.1:8080
2022-01-12 13:26:32,170 INFO  [org.jboss.as.ejb3] (MSC service thread 1-3) WFLYEJB0493: Jakarta Enterprise Beans subsystem suspension complete
2022-01-12 13:26:32,273 INFO  [org.jboss.as.connector.subsystems.datasources] (MSC service thread 1-7) WFLYJCA0001: Bound data source [java:jboss/datasources/ExampleDS]
2022-01-12 13:26:32,273 INFO  [org.jboss.as.connector.subsystems.datasources] (MSC service thread 1-5) WFLYJCA0001: Bound data source [java:jboss/datasources/KeycloakDS]
2022-01-12 13:26:32,316 INFO  [org.wildfly.extension.undertow] (MSC service thread 1-5) WFLYUT0006: Undertow HTTPS listener https listening on 127.0.0.1:8443
2022-01-12 13:26:34,256 INFO  [org.jboss.as.patching] (MSC service thread 1-5) WFLYPAT0050: Keycloak cumulative patch ID is: base, one-off patches include: none
2022-01-12 13:26:34,259 INFO  [org.jboss.as.server.deployment.scanner] (MSC service thread 1-7) WFLYDS0013: Started FileSystemDeploymentService for directory C:\workspaceKeycloackSpring\keycloak-16.0.0\standalone\deployments
2022-01-12 13:26:34,265 INFO  [org.jboss.as.server.deployment] (MSC service thread 1-3) WFLYSRV0027: Starting deployment of "keycloak-server.war" (runtime-name: "keycloak-server.war")
2022-01-12 13:26:35,221 INFO  [org.infinispan.CONTAINER] (ServerService Thread Pool -- 53) ISPN000128: Infinispan version: Infinispan 'Taedonggang' 12.1.7.Final
2022-01-12 13:26:35,277 INFO  [org.infinispan.CONFIG] (MSC service thread 1-1) ISPN000152: Passivation configured without an eviction policy being selected. Only manually evicted entities will be passivated.
2022-01-12 13:26:35,279 INFO  [org.infinispan.CONFIG] (MSC service thread 1-1) ISPN000152: Passivation configured without an eviction policy being selected. Only manually evicted entities will be passivated.
2022-01-12 13:26:35,321 INFO  [org.infinispan.CONTAINER] (ServerService Thread Pool -- 53) ISPN000556: Starting user marshaller 'org.wildfly.clustering.infinispan.spi.marshalling.InfinispanProtoStreamMarshaller'
2022-01-12 13:26:35,321 INFO  [org.infinispan.CONTAINER] (ServerService Thread Pool -- 52) ISPN000556: Starting user marshaller 'org.wildfly.clustering.infinispan.marshalling.jboss.JBossMarshaller'
2022-01-12 13:26:35,666 INFO  [org.jboss.as.clustering.infinispan] (ServerService Thread Pool -- 53) WFLYCLINF0002: Started http-remoting-connector cache from ejb container
2022-01-12 13:26:35,704 INFO  [org.jboss.as.clustering.infinispan] (ServerService Thread Pool -- 52) WFLYCLINF0002: Started offlineSessions cache from keycloak container
2022-01-12 13:26:35,704 INFO  [org.jboss.as.clustering.infinispan] (ServerService Thread Pool -- 64) WFLYCLINF0002: Started actionTokens cache from keycloak container
2022-01-12 13:26:35,706 INFO  [org.jboss.as.clustering.infinispan] (ServerService Thread Pool -- 55) WFLYCLINF0002: Started clientSessions cache from keycloak container
2022-01-12 13:26:35,708 INFO  [org.jboss.as.clustering.infinispan] (ServerService Thread Pool -- 58) WFLYCLINF0002: Started work cache from keycloak container
2022-01-12 13:26:35,709 INFO  [org.jboss.as.clustering.infinispan] (ServerService Thread Pool -- 57) WFLYCLINF0002: Started offlineClientSessions cache from keycloak container
2022-01-12 13:26:35,710 INFO  [org.jboss.as.clustering.infinispan] (ServerService Thread Pool -- 60) WFLYCLINF0002: Started sessions cache from keycloak container
2022-01-12 13:26:35,709 INFO  [org.jboss.as.clustering.infinispan] (ServerService Thread Pool -- 61) WFLYCLINF0002: Started loginFailures cache from keycloak container
2022-01-12 13:26:35,712 INFO  [org.jboss.as.clustering.infinispan] (ServerService Thread Pool -- 62) WFLYCLINF0002: Started authenticationSessions cache from keycloak container
2022-01-12 13:26:35,749 INFO  [org.jboss.as.clustering.infinispan] (ServerService Thread Pool -- 56) WFLYCLINF0002: Started users cache from keycloak container
2022-01-12 13:26:35,749 INFO  [org.jboss.as.clustering.infinispan] (ServerService Thread Pool -- 59) WFLYCLINF0002: Started keys cache from keycloak container
2022-01-12 13:26:35,749 INFO  [org.jboss.as.clustering.infinispan] (ServerService Thread Pool -- 54) WFLYCLINF0002: Started realms cache from keycloak container
2022-01-12 13:26:35,749 INFO  [org.jboss.as.clustering.infinispan] (ServerService Thread Pool -- 63) WFLYCLINF0002: Started authorization cache from keycloak container
2022-01-12 13:26:37,096 WARN  [org.jboss.as.server.deployment] (MSC service thread 1-3) WFLYSRV0273: Excluded subsystem webservices via jboss-deployment-structure.xml does not exist.
2022-01-12 13:26:37,452 INFO  [org.keycloak.services] (ServerService Thread Pool -- 59) KC-SERVICES0001: Loading config from standalone.xml or domain.xml
2022-01-12 13:26:38,013 INFO  [org.keycloak.url.DefaultHostnameProviderFactory] (ServerService Thread Pool -- 59) Frontend: <request>, Admin: <frontend>, Backend: <request>
2022-01-12 13:26:38,987 INFO  [org.jboss.as.clustering.infinispan] (ServerService Thread Pool -- 59) WFLYCLINF0002: Started realmRevisions cache from keycloak container
2022-01-12 13:26:38,994 INFO  [org.jboss.as.clustering.infinispan] (ServerService Thread Pool -- 59) WFLYCLINF0002: Started userRevisions cache from keycloak container
2022-01-12 13:26:39,000 INFO  [org.jboss.as.clustering.infinispan] (ServerService Thread Pool -- 59) WFLYCLINF0002: Started authorizationRevisions cache from keycloak container
2022-01-12 13:26:39,001 INFO  [org.keycloak.connections.infinispan.DefaultInfinispanConnectionProviderFactory] (ServerService Thread Pool -- 59) Node name: nbqfc-jhs9qj3, Site name: null
2022-01-12 13:26:40,224 INFO  [org.keycloak.connections.jpa.DefaultJpaConnectionProviderFactory] (ServerService Thread Pool -- 59) Database info: {databaseUrl=jdbc:h2:C:\workspaceKeycloackSpring\keycloak-16.0.0\standalone\data/keycloak, databaseUser=SA, databaseProduct=H2 1.4.197 (2018-03-18), databaseDriver=H2 JDBC Driver 1.4.197 (2018-03-18)}
2022-01-12 13:26:41,762 INFO  [org.hibernate.jpa.internal.util.LogHelper] (ServerService Thread Pool -- 59) HHH000204: Processing PersistenceUnitInfo [
	name: keycloak-default
	...]
2022-01-12 13:26:41,868 INFO  [org.hibernate.Version] (ServerService Thread Pool -- 59) HHH000412: Hibernate Core {5.3.23.Final}
2022-01-12 13:26:41,871 INFO  [org.hibernate.cfg.Environment] (ServerService Thread Pool -- 59) HHH000206: hibernate.properties not found
2022-01-12 13:26:42,208 INFO  [org.hibernate.annotations.common.Version] (ServerService Thread Pool -- 59) HCANN000001: Hibernate Commons Annotations {5.0.5.Final}
2022-01-12 13:26:42,444 INFO  [org.hibernate.dialect.Dialect] (ServerService Thread Pool -- 59) HHH000400: Using dialect: org.hibernate.dialect.H2Dialect
2022-01-12 13:26:42,508 INFO  [org.hibernate.envers.boot.internal.EnversServiceImpl] (ServerService Thread Pool -- 59) Envers integration enabled? : true
2022-01-12 13:26:42,880 INFO  [org.hibernate.orm.beans] (ServerService Thread Pool -- 59) HHH10005002: No explicit CDI BeanManager reference was passed to Hibernate, but CDI is available on the Hibernate ClassLoader.
2022-01-12 13:26:43,248 INFO  [org.hibernate.validator.internal.util.Version] (ServerService Thread Pool -- 59) HV000001: Hibernate Validator 6.0.22.Final
2022-01-12 13:26:44,698 INFO  [org.hibernate.hql.internal.QueryTranslatorFactoryInitiator] (ServerService Thread Pool -- 59) HHH000397: Using ASTQueryTranslatorFactory
2022-01-12 13:26:46,169 INFO  [org.jboss.resteasy.resteasy_jaxrs.i18n] (ServerService Thread Pool -- 59) RESTEASY002225: Deploying javax.ws.rs.core.Application: class org.keycloak.services.resources.KeycloakApplication
2022-01-12 13:26:46,173 INFO  [org.jboss.resteasy.resteasy_jaxrs.i18n] (ServerService Thread Pool -- 59) RESTEASY002205: Adding provider class org.keycloak.services.filters.KeycloakSecurityHeadersFilter from Application class org.keycloak.services.resources.KeycloakApplication
2022-01-12 13:26:46,177 INFO  [org.jboss.resteasy.resteasy_jaxrs.i18n] (ServerService Thread Pool -- 59) RESTEASY002200: Adding class resource org.keycloak.services.resources.ThemeResource from Application class org.keycloak.services.resources.KeycloakApplication
2022-01-12 13:26:46,178 INFO  [org.jboss.resteasy.resteasy_jaxrs.i18n] (ServerService Thread Pool -- 59) RESTEASY002205: Adding provider class org.keycloak.services.error.KeycloakErrorHandler from Application class org.keycloak.services.resources.KeycloakApplication
2022-01-12 13:26:46,179 INFO  [org.jboss.resteasy.resteasy_jaxrs.i18n] (ServerService Thread Pool -- 59) RESTEASY002200: Adding class resource org.keycloak.services.resources.JsResource from Application class org.keycloak.services.resources.KeycloakApplication
2022-01-12 13:26:46,180 INFO  [org.jboss.resteasy.resteasy_jaxrs.i18n] (ServerService Thread Pool -- 59) RESTEASY002220: Adding singleton resource org.keycloak.services.resources.RobotsResource from Application class org.keycloak.services.resources.KeycloakApplication
2022-01-12 13:26:46,181 INFO  [org.jboss.resteasy.resteasy_jaxrs.i18n] (ServerService Thread Pool -- 59) RESTEASY002210: Adding provider singleton org.keycloak.services.util.ObjectMapperResolver from Application class org.keycloak.services.resources.KeycloakApplication
2022-01-12 13:26:46,181 INFO  [org.jboss.resteasy.resteasy_jaxrs.i18n] (ServerService Thread Pool -- 59) RESTEASY002220: Adding singleton resource org.keycloak.services.resources.WelcomeResource from Application class org.keycloak.services.resources.KeycloakApplication
2022-01-12 13:26:46,185 INFO  [org.jboss.resteasy.resteasy_jaxrs.i18n] (ServerService Thread Pool -- 59) RESTEASY002220: Adding singleton resource org.keycloak.services.resources.RealmsResource from Application class org.keycloak.services.resources.KeycloakApplication
2022-01-12 13:26:46,186 INFO  [org.jboss.resteasy.resteasy_jaxrs.i18n] (ServerService Thread Pool -- 59) RESTEASY002220: Adding singleton resource org.keycloak.services.resources.admin.AdminRoot from Application class org.keycloak.services.resources.KeycloakApplication
2022-01-12 13:26:46,382 INFO  [org.wildfly.extension.undertow] (ServerService Thread Pool -- 59) WFLYUT0021: Registered web context: '/auth' for server 'default-server'
2022-01-12 13:26:46,460 INFO  [org.jboss.as.server] (ServerService Thread Pool -- 42) WFLYSRV0010: Deployed "keycloak-server.war" (runtime-name : "keycloak-server.war")
2022-01-12 13:26:46,519 INFO  [org.jboss.as.server] (Controller Boot Thread) WFLYSRV0212: Resuming server
2022-01-12 13:26:46,522 INFO  [org.jboss.as] (Controller Boot Thread) WFLYSRV0025: Keycloak 16.0.0 (WildFly Core 17.0.3.Final) started in 27669ms - Started 573 of 851 services (576 services are lazy, passive or on-demand)
2022-01-12 13:26:46,526 INFO  [org.jboss.as] (Controller Boot Thread) WFLYSRV0060: Http management interface listening on http://127.0.0.1:9990/management
2022-01-12 13:26:46,527 INFO  [org.jboss.as] (Controller Boot Thread) WFLYSRV0051: Admin console listening on http://127.0.0.1:9990
2022-01-12 13:26:59,419 WARN  [org.keycloak.events] (default task-1) type=LOGIN_ERROR, realmId=master, clientId=security-admin-console, userId=null, ipAddress=127.0.0.1, error=user_not_found, auth_method=openid-connect, auth_type=code, redirect_uri=http://localhost:8080/auth/admin/master/console/, code_id=c3a24e1c-0a95-45b5-9345-c3b85c2ee920, username=eltilopes, authSessionParentId=c3a24e1c-0a95-45b5-9345-c3b85c2ee920, authSessionTabId=OIp3KD8rF8o
